0 info it worked if it ends with ok
1 verbose cli [ '/usr/local/bin/node', '/usr/local/bin/npm', 'install' ]
2 info using npm@3.10.8
3 info using node@v6.8.1
4 silly loadCurrentTree Starting
5 silly install loadCurrentTree
6 silly install readLocalPackageData
7 silly install normalizeTree
8 silly loadCurrentTree Finishing
9 silly loadIdealTree Starting
10 silly install loadIdealTree
11 silly cloneCurrentTree Starting
12 silly install cloneCurrentTreeToIdealTree
13 silly cloneCurrentTree Finishing
14 silly loadShrinkwrap Starting
15 silly install loadShrinkwrap
16 silly loadShrinkwrap Finishing
17 silly loadAllDepsIntoIdealTree Starting
18 silly install loadAllDepsIntoIdealTree
19 silly loadAllDepsIntoIdealTree Finishing
20 silly loadIdealTree Finishing
21 silly currentTree rweb@1.0.0
21 silly currentTree ├── @types/jasmine@2.5.36
21 silly currentTree ├── @types/node@6.0.46
21 silly currentTree ├── @types/q@0.0.32
21 silly currentTree ├── @types/selenium-webdriver@2.53.33
21 silly currentTree ├── accepts@1.3.3
21 silly currentTree ├─┬ acorn-globals@1.0.9
21 silly currentTree │ └── acorn@2.7.0
21 silly currentTree ├── acorn@1.2.2
21 silly currentTree ├── adm-zip@0.4.7
21 silly currentTree ├── after@0.8.1
21 silly currentTree ├─┬ agent-base@2.0.1
21 silly currentTree │ └── semver@5.0.3
21 silly currentTree ├── align-text@0.1.4
21 silly currentTree ├── amdefine@1.0.0
21 silly currentTree ├── ansi-regex@2.0.0
21 silly currentTree ├── ansi-styles@2.2.1
21 silly currentTree ├── anymatch@1.3.0
21 silly currentTree ├── arr-diff@2.0.0
21 silly currentTree ├── arr-flatten@1.0.1
21 silly currentTree ├── array-filter@0.0.1
21 silly currentTree ├── array-flatten@1.1.1
21 silly currentTree ├── array-map@0.0.0
21 silly currentTree ├── array-reduce@0.0.0
21 silly currentTree ├── array-slice@0.2.3
21 silly currentTree ├── array-union@1.0.2
21 silly currentTree ├── array-uniq@1.0.3
21 silly currentTree ├── array-unique@0.2.1
21 silly currentTree ├── arraybuffer.slice@0.0.6
21 silly currentTree ├── arrify@1.0.1
21 silly currentTree ├── asap@1.0.0
21 silly currentTree ├── asn1.js@4.8.1
21 silly currentTree ├── asn1@0.2.3
21 silly currentTree ├── assert-plus@0.2.0
21 silly currentTree ├── assert@1.3.0
21 silly currentTree ├── astw@2.0.0
21 silly currentTree ├── async-each@1.0.1
21 silly currentTree ├── async@0.9.0
21 silly currentTree ├── asynckit@0.4.0
21 silly currentTree ├── aws-sign2@0.6.0
21 silly currentTree ├── aws4@1.5.0
21 silly currentTree ├── backo2@1.0.2
21 silly currentTree ├── backoff@1.0.0
21 silly currentTree ├── bal-util@1.13.13
21 silly currentTree ├── balanced-match@0.4.2
21 silly currentTree ├── base64-arraybuffer@0.1.5
21 silly currentTree ├── base64-js@1.2.0
21 silly currentTree ├── Base64@0.1.4
21 silly currentTree ├── base64id@0.1.0
21 silly currentTree ├── batch@0.5.3
21 silly currentTree ├── bcrypt-pbkdf@1.0.0
21 silly currentTree ├── benchmark@1.0.0
21 silly currentTree ├── better-assert@1.0.2
21 silly currentTree ├── binary-extensions@1.7.0
21 silly currentTree ├── blob@0.0.4
21 silly currentTree ├── bluebird@2.11.0
21 silly currentTree ├── bn.js@4.11.6
21 silly currentTree ├── body-parser@1.15.2
21 silly currentTree ├── boom@2.10.1
21 silly currentTree ├─┬ bops@0.0.6
21 silly currentTree │ └── base64-js@0.0.2
21 silly currentTree ├── bower@1.7.9
21 silly currentTree ├── brace-expansion@1.1.6
21 silly currentTree ├── braces@1.8.5
21 silly currentTree ├── brorand@1.0.6
21 silly currentTree ├── browser-pack@6.0.1
21 silly currentTree ├── browser-resolve@1.11.2
21 silly currentTree ├── browserify-aes@1.0.6
21 silly currentTree ├── browserify-cipher@1.0.0
21 silly currentTree ├── browserify-des@1.0.0
21 silly currentTree ├── browserify-rsa@4.0.1
21 silly currentTree ├─┬ browserify-server@2.0.4
21 silly currentTree │ ├── browserify@1.16.8
21 silly currentTree │ ├── crypto-browserify@0.4.0
21 silly currentTree │ ├── detective@0.2.1
21 silly currentTree │ ├── resolve@0.2.8
21 silly currentTree │ └── syntax-error@0.0.1
21 silly currentTree ├── browserify-sign@4.0.0
21 silly currentTree ├── browserify-zlib@0.1.4
21 silly currentTree ├─┬ browserify@13.1.1
21 silly currentTree │ └── glob@5.0.15
21 silly currentTree ├─┬ buffer-browserify@0.0.5
21 silly currentTree │ └── base64-js@0.0.2
21 silly currentTree ├── buffer-shims@1.0.0
21 silly currentTree ├── buffer-xor@1.0.3
21 silly currentTree ├── buffer@4.9.1
21 silly currentTree ├── builtin-status-codes@2.0.0
21 silly currentTree ├── bytes@2.4.0
21 silly currentTree ├── cached-path-relative@1.0.0
21 silly currentTree ├── callsite@1.0.0
21 silly currentTree ├── camelcase@1.2.1
21 silly currentTree ├── caseless@0.11.0
21 silly currentTree ├── center-align@0.1.3
21 silly currentTree ├── chalk@1.1.3
21 silly currentTree ├── character-parser@1.2.1
21 silly currentTree ├── chokidar@1.6.1
21 silly currentTree ├── cipher-base@1.0.3
21 silly currentTree ├─┬ clean-css@3.4.20
21 silly currentTree │ ├── commander@2.8.1
21 silly currentTree │ └── source-map@0.4.4
21 silly currentTree ├─┬ cliui@2.1.0
21 silly currentTree │ └── wordwrap@0.0.2
21 silly currentTree ├── coffee-script@1.11.1
21 silly currentTree ├── colors@1.0.3
21 silly currentTree ├── combine-source-map@0.7.2
21 silly currentTree ├── combined-stream@1.0.5
21 silly currentTree ├── commander@2.9.0
21 silly currentTree ├── commondir@0.0.2
21 silly currentTree ├── component-bind@1.0.0
21 silly currentTree ├── component-emitter@1.1.2
21 silly currentTree ├── component-inherit@0.0.3
21 silly currentTree ├── concat-map@0.0.1
21 silly currentTree ├─┬ concat-stream@1.5.2
21 silly currentTree │ └── readable-stream@2.0.6
21 silly currentTree ├─┬ concurrently@3.1.0
21 silly currentTree │ ├── ansi-regex@0.2.1
21 silly currentTree │ ├── ansi-styles@1.1.0
21 silly currentTree │ ├── bluebird@2.9.6
21 silly currentTree │ ├── chalk@0.5.1
21 silly currentTree │ ├── commander@2.6.0
21 silly currentTree │ ├── has-ansi@0.1.0
21 silly currentTree │ ├── lodash@4.16.6
21 silly currentTree │ ├── strip-ansi@0.3.0
21 silly currentTree │ └── supports-color@0.2.0
21 silly currentTree ├── connect@3.5.0
21 silly currentTree ├── console-browserify@1.1.0
21 silly currentTree ├─┬ constantinople@3.0.2
21 silly currentTree │ └── acorn@2.7.0
21 silly currentTree ├── constants-browserify@1.0.0
21 silly currentTree ├── content-disposition@0.5.1
21 silly currentTree ├── content-type@1.0.2
21 silly currentTree ├── convert-source-map@1.1.3
21 silly currentTree ├── cookie-signature@1.0.6
21 silly currentTree ├── cookie@0.3.1
21 silly currentTree ├── copy-dir@0.3.0
21 silly currentTree ├── copyfiles@1.0.0
21 silly currentTree ├── core-js@2.4.1
21 silly currentTree ├── core-util-is@1.0.2
21 silly currentTree ├── corser@2.0.1
21 silly currentTree ├── create-ecdh@4.0.0
21 silly currentTree ├── create-hash@1.1.2
21 silly currentTree ├── create-hmac@1.1.4
21 silly currentTree ├─┬ cross-spawn@4.0.2
21 silly currentTree │ └── lru-cache@4.0.1
21 silly currentTree ├── cryptiles@2.0.5
21 silly currentTree ├── crypto-browserify@3.11.0
21 silly currentTree ├── css-parse@1.0.4
21 silly currentTree ├── css-stringify@1.0.5
21 silly currentTree ├── css@1.0.8
21 silly currentTree ├── custom-event@1.0.1
21 silly currentTree ├─┬ dashdash@1.14.0
21 silly currentTree │ └── assert-plus@1.0.0
21 silly currentTree ├── date-now@0.1.4
21 silly currentTree ├── debug@2.2.0
21 silly currentTree ├── decamelize@1.2.0
21 silly currentTree ├── defined@1.0.0
21 silly currentTree ├── del@2.2.2
21 silly currentTree ├── delayed-stream@1.0.0
21 silly currentTree ├── depd@1.1.0
21 silly currentTree ├── deps-sort@2.0.0
21 silly currentTree ├─┬ deputy@0.0.4
21 silly currentTree │ ├── detective@0.2.1
21 silly currentTree │ └── mkdirp@0.3.5
21 silly currentTree ├── des.js@1.0.0
21 silly currentTree ├── destroy@1.0.4
21 silly currentTree ├─┬ detective@4.3.2
21 silly currentTree │ └── acorn@3.3.0
21 silly currentTree ├── di@0.0.1
21 silly currentTree ├── diffie-hellman@5.0.2
21 silly currentTree ├─┬ dom-serialize@2.2.1
21 silly currentTree │ └── ent@2.2.0
21 silly currentTree ├── domain-browser@1.1.7
21 silly currentTree ├── duplexer2@0.1.4
21 silly currentTree ├── ecc-jsbn@0.1.1
21 silly currentTree ├─┬ ecstatic@0.1.7
21 silly currentTree │ └── mime@1.2.5
21 silly currentTree ├── ee-first@1.1.1
21 silly currentTree ├── elliptic@6.3.2
21 silly currentTree ├── encodeurl@1.0.1
21 silly currentTree ├── engine.io-client@1.7.2
21 silly currentTree ├─┬ engine.io-parser@1.3.1
21 silly currentTree │ ├── has-binary@0.1.6
21 silly currentTree │ └── isarray@0.0.1
21 silly currentTree ├── engine.io@1.7.2
21 silly currentTree ├── ent@0.0.7
21 silly currentTree ├── escape-html@1.0.3
21 silly currentTree ├── escape-string-regexp@1.0.5
21 silly currentTree ├── esprima@0.9.9
21 silly currentTree ├─┬ este-watch@0.1.1
21 silly currentTree │ ├── glob@4.5.3
21 silly currentTree │ └── minimatch@2.0.10
21 silly currentTree ├── etag@1.7.0
21 silly currentTree ├── eventemitter3@1.2.0
21 silly currentTree ├── events@1.1.1
21 silly currentTree ├── evp_bytestokey@1.0.0
21 silly currentTree ├── exec-sh@0.2.0
21 silly currentTree ├── exit@0.1.2
21 silly currentTree ├─┬ expand-braces@0.1.2
21 silly currentTree │ ├── braces@0.1.5
21 silly currentTree │ ├── expand-range@0.1.1
21 silly currentTree │ ├── is-number@0.1.1
21 silly currentTree │ └── repeat-string@0.2.2
21 silly currentTree ├── expand-brackets@0.1.5
21 silly currentTree ├── expand-range@1.8.2
21 silly currentTree ├── express@4.14.0
21 silly currentTree ├── extend@3.0.0
21 silly currentTree ├── extglob@0.3.2
21 silly currentTree ├── extsprintf@1.0.2
21 silly currentTree ├── faye-websocket@0.4.4
21 silly currentTree ├── filed@0.0.7
21 silly currentTree ├── filename-regex@2.0.0
21 silly currentTree ├── fill-range@2.2.3
21 silly currentTree ├── finalhandler@0.5.0
21 silly currentTree ├── for-in@0.1.6
21 silly currentTree ├── for-own@0.1.4
21 silly currentTree ├── forever-agent@0.6.1
21 silly currentTree ├─┬ form-data@2.1.1
21 silly currentTree │ ├── mime-db@1.24.0
21 silly currentTree │ └── mime-types@2.1.12
21 silly currentTree ├── forwarded@0.1.0
21 silly currentTree ├── fresh@0.3.0
21 silly currentTree ├── fs-access@1.0.1
21 silly currentTree ├── fs.realpath@1.0.0
21 silly currentTree ├─┬ fsevents@1.0.14
21 silly currentTree │ ├── abbrev@1.0.9
21 silly currentTree │ ├── ansi-regex@2.0.0
21 silly currentTree │ ├── ansi-styles@2.2.1
21 silly currentTree │ ├── aproba@1.0.4
21 silly currentTree │ ├── are-we-there-yet@1.1.2
21 silly currentTree │ ├── asn1@0.2.3
21 silly currentTree │ ├── assert-plus@0.2.0
21 silly currentTree │ ├── async@1.5.2
21 silly currentTree │ ├── aws-sign2@0.6.0
21 silly currentTree │ ├── aws4@1.4.1
21 silly currentTree │ ├── balanced-match@0.4.2
21 silly currentTree │ ├─┬ bl@1.1.2
21 silly currentTree │ │ └── readable-stream@2.0.6
21 silly currentTree │ ├── block-stream@0.0.9
21 silly currentTree │ ├── boom@2.10.1
21 silly currentTree │ ├── brace-expansion@1.1.5
21 silly currentTree │ ├── buffer-shims@1.0.0
21 silly currentTree │ ├── caseless@0.11.0
21 silly currentTree │ ├── chalk@1.1.3
21 silly currentTree │ ├── code-point-at@1.0.0
21 silly currentTree │ ├── combined-stream@1.0.5
21 silly currentTree │ ├── commander@2.9.0
21 silly currentTree │ ├── concat-map@0.0.1
21 silly currentTree │ ├── console-control-strings@1.1.0
21 silly currentTree │ ├── core-util-is@1.0.2
21 silly currentTree │ ├── cryptiles@2.0.5
21 silly currentTree │ ├─┬ dashdash@1.14.0
21 silly currentTree │ │ └── assert-plus@1.0.0
21 silly currentTree │ ├── debug@2.2.0
21 silly currentTree │ ├── deep-extend@0.4.1
21 silly currentTree │ ├── delayed-stream@1.0.0
21 silly currentTree │ ├── delegates@1.0.0
21 silly currentTree │ ├── ecc-jsbn@0.1.1
21 silly currentTree │ ├── escape-string-regexp@1.0.5
21 silly currentTree │ ├── extend@3.0.0
21 silly currentTree │ ├── extsprintf@1.0.2
21 silly currentTree │ ├── forever-agent@0.6.1
21 silly currentTree │ ├── form-data@1.0.0-rc4
21 silly currentTree │ ├── fs.realpath@1.0.0
21 silly currentTree │ ├── fstream-ignore@1.0.5
21 silly currentTree │ ├── fstream@1.0.10
21 silly currentTree │ ├── gauge@2.6.0
21 silly currentTree │ ├── generate-function@2.0.0
21 silly currentTree │ ├── generate-object-property@1.2.0
21 silly currentTree │ ├─┬ getpass@0.1.6
21 silly currentTree │ │ └── assert-plus@1.0.0
21 silly currentTree │ ├── glob@7.0.5
21 silly currentTree │ ├── graceful-fs@4.1.4
21 silly currentTree │ ├── graceful-readlink@1.0.1
21 silly currentTree │ ├── har-validator@2.0.6
21 silly currentTree │ ├── has-ansi@2.0.0
21 silly currentTree │ ├── has-color@0.1.7
21 silly currentTree │ ├── has-unicode@2.0.1
21 silly currentTree │ ├── hawk@3.1.3
21 silly currentTree │ ├── hoek@2.16.3
21 silly currentTree │ ├── http-signature@1.1.1
21 silly currentTree │ ├── inflight@1.0.5
21 silly currentTree │ ├── inherits@2.0.1
21 silly currentTree │ ├── ini@1.3.4
21 silly currentTree │ ├── is-fullwidth-code-point@1.0.0
21 silly currentTree │ ├── is-my-json-valid@2.13.1
21 silly currentTree │ ├── is-property@1.0.2
21 silly currentTree │ ├── is-typedarray@1.0.0
21 silly currentTree │ ├── isarray@1.0.0
21 silly currentTree │ ├── isstream@0.1.2
21 silly currentTree │ ├── jodid25519@1.0.2
21 silly currentTree │ ├── jsbn@0.1.0
21 silly currentTree │ ├── json-schema@0.2.2
21 silly currentTree │ ├── json-stringify-safe@5.0.1
21 silly currentTree │ ├── jsonpointer@2.0.0
21 silly currentTree │ ├── jsprim@1.3.0
21 silly currentTree │ ├── mime-db@1.23.0
21 silly currentTree │ ├── mime-types@2.1.11
21 silly currentTree │ ├── minimatch@3.0.2
21 silly currentTree │ ├── minimist@0.0.8
21 silly currentTree │ ├── mkdirp@0.5.1
21 silly currentTree │ ├── ms@0.7.1
21 silly currentTree │ ├── node-pre-gyp@0.6.29
21 silly currentTree │ ├── node-uuid@1.4.7
21 silly currentTree │ ├── nopt@3.0.6
21 silly currentTree │ ├── npmlog@3.1.2
21 silly currentTree │ ├── number-is-nan@1.0.0
21 silly currentTree │ ├── oauth-sign@0.8.2
21 silly currentTree │ ├── object-assign@4.1.0
21 silly currentTree │ ├── once@1.3.3
21 silly currentTree │ ├── path-is-absolute@1.0.0
21 silly currentTree │ ├── pinkie-promise@2.0.1
21 silly currentTree │ ├── pinkie@2.0.4
21 silly currentTree │ ├── process-nextick-args@1.0.7
21 silly currentTree │ ├── qs@6.2.0
21 silly currentTree │ ├─┬ rc@1.1.6
21 silly currentTree │ │ └── minimist@1.2.0
21 silly currentTree │ ├── readable-stream@2.1.4
21 silly currentTree │ ├── request@2.73.0
21 silly currentTree │ ├── rimraf@2.5.3
21 silly currentTree │ ├── semver@5.2.0
21 silly currentTree │ ├── set-blocking@2.0.0
21 silly currentTree │ ├── signal-exit@3.0.0
21 silly currentTree │ ├── sntp@1.0.9
21 silly currentTree │ ├─┬ sshpk@1.8.3
21 silly currentTree │ │ └── assert-plus@1.0.0
21 silly currentTree │ ├── string_decoder@0.10.31
21 silly currentTree │ ├── string-width@1.0.1
21 silly currentTree │ ├── stringstream@0.0.5
21 silly currentTree │ ├── strip-ansi@3.0.1
21 silly currentTree │ ├── strip-json-comments@1.0.4
21 silly currentTree │ ├── supports-color@2.0.0
21 silly currentTree │ ├── tar-pack@3.1.4
21 silly currentTree │ ├── tar@2.2.1
21 silly currentTree │ ├── tough-cookie@2.2.2
21 silly currentTree │ ├── tunnel-agent@0.4.3
21 silly currentTree │ ├── tweetnacl@0.13.3
21 silly currentTree │ ├── uid-number@0.0.6
21 silly currentTree │ ├── util-deprecate@1.0.2
21 silly currentTree │ ├── verror@1.3.6
21 silly currentTree │ ├── wide-align@1.1.0
21 silly currentTree │ ├── wrappy@1.0.2
21 silly currentTree │ └── xtend@4.0.1
21 silly currentTree ├── function-bind@1.1.0
21 silly currentTree ├── generate-function@2.0.0
21 silly currentTree ├── generate-object-property@1.2.0
21 silly currentTree ├─┬ getpass@0.1.6
21 silly currentTree │ └── assert-plus@1.0.0
21 silly currentTree ├── glob-base@0.3.0
21 silly currentTree ├── glob-parent@2.0.0
21 silly currentTree ├── glob@7.1.1
21 silly currentTree ├── globby@5.0.0
21 silly currentTree ├── graceful-fs@4.1.9
21 silly currentTree ├── graceful-readlink@1.0.1
21 silly currentTree ├── h@0.1.0
21 silly currentTree ├── har-validator@2.0.6
21 silly currentTree ├── has-ansi@2.0.0
21 silly currentTree ├─┬ has-binary@0.1.7
21 silly currentTree │ └── isarray@0.0.1
21 silly currentTree ├── has-cors@1.1.0
21 silly currentTree ├── has@1.0.1
21 silly currentTree ├── hash.js@1.0.3
21 silly currentTree ├── hawk@3.1.3
21 silly currentTree ├── he@0.5.0
21 silly currentTree ├── hoek@2.16.3
21 silly currentTree ├── hound@1.0.4
21 silly currentTree ├── htmlescape@1.1.1
21 silly currentTree ├─┬ http-browserify@0.1.14
21 silly currentTree │ └── concat-stream@1.0.1
21 silly currentTree ├── http-errors@1.5.0
21 silly currentTree ├── http-proxy@1.15.2
21 silly currentTree ├─┬ http-server@0.9.0
21 silly currentTree │ ├── ecstatic@1.4.1
21 silly currentTree │ └─┬ optimist@0.6.1
21 silly currentTree │   └── minimist@0.0.10
21 silly currentTree ├── http-signature@1.1.1
21 silly currentTree ├── https-browserify@0.0.1
21 silly currentTree ├── https-proxy-agent@1.0.0
21 silly currentTree ├── iconv-lite@0.4.13
21 silly currentTree ├── ieee754@1.1.8
21 silly currentTree ├── indexof@0.0.1
21 silly currentTree ├── inflight@1.0.6
21 silly currentTree ├── inherits@2.0.1
21 silly currentTree ├── ini@1.3.4
21 silly currentTree ├── inline-source-map@0.6.2
21 silly currentTree ├── insert-module-globals@7.0.1
21 silly currentTree ├── ipaddr.js@1.1.1
21 silly currentTree ├── is-binary-path@1.0.1
21 silly currentTree ├── is-buffer@1.1.4
21 silly currentTree ├── is-dotfile@1.0.2
21 silly currentTree ├── is-equal-shallow@0.1.3
21 silly currentTree ├── is-extendable@0.1.1
21 silly currentTree ├── is-extglob@1.0.0
21 silly currentTree ├── is-glob@2.0.1
21 silly currentTree ├── is-my-json-valid@2.15.0
21 silly currentTree ├── is-number@2.1.0
21 silly currentTree ├── is-path-cwd@1.0.0
21 silly currentTree ├── is-path-in-cwd@1.0.0
21 silly currentTree ├── is-path-inside@1.0.0
21 silly currentTree ├── is-posix-bracket@0.1.1
21 silly currentTree ├── is-primitive@2.0.0
21 silly currentTree ├── is-promise@2.1.0
21 silly currentTree ├── is-property@1.0.2
21 silly currentTree ├── is-typedarray@1.0.0
21 silly currentTree ├── isarray@1.0.0
21 silly currentTree ├── isbinaryfile@3.0.1
21 silly currentTree ├── isexe@1.1.2
21 silly currentTree ├── isobject@2.1.0
21 silly currentTree ├── isstream@0.1.2
21 silly currentTree ├─┬ jade@1.11.0
21 silly currentTree │ └── commander@2.6.0
21 silly currentTree ├── jasmine-core@2.5.2
21 silly currentTree ├── jasmine@2.5.2
21 silly currentTree ├── jasminewd2@0.0.10
21 silly currentTree ├── jodid25519@1.0.2
21 silly currentTree ├── jsbn@0.1.0
21 silly currentTree ├── json-schema@0.2.3
21 silly currentTree ├── json-stable-stringify@0.0.1
21 silly currentTree ├── json-stringify-safe@5.0.1
21 silly currentTree ├── json3@3.2.6
21 silly currentTree ├── jsonify@0.0.0
21 silly currentTree ├── jsonparse@1.2.0
21 silly currentTree ├── jsonpointer@4.0.0
21 silly currentTree ├── JSONStream@1.2.1
21 silly currentTree ├── jsprim@1.3.1
21 silly currentTree ├── jstransformer@0.0.2
21 silly currentTree ├── karma-chrome-launcher@0.2.3
21 silly currentTree ├── karma-firefox-launcher@0.1.7
21 silly currentTree ├── karma-jasmine@0.3.8
21 silly currentTree ├── karma-junit-reporter@0.4.2
21 silly currentTree ├─┬ karma@0.13.22
21 silly currentTree │ ├── colors@1.1.2
21 silly currentTree │ ├── minimist@0.0.10
21 silly currentTree │ └── optimist@0.6.1
21 silly currentTree ├── kind-of@3.0.4
21 silly currentTree ├─┬ labeled-stream-splicer@2.0.0
21 silly currentTree │ └── isarray@0.0.1
21 silly currentTree ├── lazy-cache@1.0.4
21 silly currentTree ├── lexical-scope@1.2.0
21 silly currentTree ├── live-reload@1.1.0
21 silly currentTree ├── lodash.memoize@3.0.4
21 silly currentTree ├── lodash@3.10.1
21 silly currentTree ├─┬ log4js@0.6.38
21 silly currentTree │ ├── isarray@0.0.1
21 silly currentTree │ └── readable-stream@1.0.34
21 silly currentTree ├── longest@1.0.1
21 silly currentTree ├── lru-cache@2.2.4
21 silly currentTree ├── ltcdr@2.2.1
21 silly currentTree ├── media-typer@0.3.0
21 silly currentTree ├── merge-descriptors@1.0.1
21 silly currentTree ├── merge@1.2.0
21 silly currentTree ├── methods@1.1.2
21 silly currentTree ├── micromatch@2.3.11
21 silly currentTree ├── miller-rabin@4.0.0
21 silly currentTree ├── mime-db@1.23.0
21 silly currentTree ├── mime-types@2.1.11
21 silly currentTree ├── mime@1.3.4
21 silly currentTree ├── minimalistic-assert@1.0.0
21 silly currentTree ├── minimatch@3.0.3
21 silly currentTree ├── minimist@1.2.0
21 silly currentTree ├── mkdir-p@0.0.7
21 silly currentTree ├─┬ mkdirp@0.5.1
21 silly currentTree │ └── minimist@0.0.8
21 silly currentTree ├── module-deps@4.0.8
21 silly currentTree ├── moment@2.15.2
21 silly currentTree ├── ms@0.7.1
21 silly currentTree ├── nan@2.4.0
21 silly currentTree ├── ncp@2.0.0
21 silly currentTree ├── negotiator@0.6.1
21 silly currentTree ├── node-uuid@1.3.3
21 silly currentTree ├─┬ noms@0.0.0
21 silly currentTree │ ├── isarray@0.0.1
21 silly currentTree │ └── readable-stream@1.0.34
21 silly currentTree ├── normalize-path@2.0.1
21 silly currentTree ├── nub@0.0.0
21 silly currentTree ├── null-check@1.0.0
21 silly currentTree ├── oauth-sign@0.8.2
21 silly currentTree ├── object-assign@4.1.0
21 silly currentTree ├── object-component@0.0.3
21 silly currentTree ├── object.omit@2.0.1
21 silly currentTree ├── on-finished@2.3.0
21 silly currentTree ├── once@1.4.0
21 silly currentTree ├── onchange@3.0.2
21 silly currentTree ├── opener@1.4.2
21 silly currentTree ├── optimist@0.3.7
21 silly currentTree ├── options@0.0.6
21 silly currentTree ├── os-browserify@0.1.2
21 silly currentTree ├── pako@0.2.9
21 silly currentTree ├── parallelshell@2.0.0
21 silly currentTree ├── parents@1.0.1
21 silly currentTree ├── parse-asn1@5.0.0
21 silly currentTree ├── parse-glob@3.0.4
21 silly currentTree ├── parsejson@0.0.1
21 silly currentTree ├── parseqs@0.0.2
21 silly currentTree ├── parseuri@0.0.4
21 silly currentTree ├── parseurl@1.3.1
21 silly currentTree ├── path-browserify@0.0.0
21 silly currentTree ├── path-is-absolute@1.0.1
21 silly currentTree ├── path-is-inside@1.0.2
21 silly currentTree ├── path-platform@0.11.15
21 silly currentTree ├── path-to-regexp@0.1.7
21 silly currentTree ├── pbkdf2@3.0.9
21 silly currentTree ├── pify@2.3.0
21 silly currentTree ├── pinkie-promise@2.0.1
21 silly currentTree ├── pinkie@2.0.4
21 silly currentTree ├─┬ portfinder@0.4.0
21 silly currentTree │ ├── minimist@0.0.8
21 silly currentTree │ └── mkdirp@0.5.1
21 silly currentTree ├── preserve@0.2.0
21 silly currentTree ├── process-nextick-args@1.0.7
21 silly currentTree ├── process@0.11.9
21 silly currentTree ├── promise@6.1.0
21 silly currentTree ├─┬ protractor@4.0.10
21 silly currentTree │ ├── minimist@0.0.10
21 silly currentTree │ ├── optimist@0.6.1
21 silly currentTree │ ├── semver@5.3.0
21 silly currentTree │ └─┬ webdriver-manager@10.2.6
21 silly currentTree │   └── minimist@1.2.0
21 silly currentTree ├── proxy-addr@1.1.2
21 silly currentTree ├── pseudomap@1.0.2
21 silly currentTree ├── public-encrypt@4.0.0
21 silly currentTree ├── punycode@1.4.1
21 silly currentTree ├── q@1.4.1
21 silly currentTree ├── qs@6.2.0
21 silly currentTree ├── querystring-es3@0.2.1
21 silly currentTree ├── querystring@0.2.0
21 silly currentTree ├── randomatic@1.1.5
21 silly currentTree ├── randombytes@2.0.3
21 silly currentTree ├── range-parser@1.2.0
21 silly currentTree ├── raw-body@2.1.7
21 silly currentTree ├── read-only-stream@2.0.0
21 silly currentTree ├── readable-stream@2.1.5
21 silly currentTree ├── readdirp@2.1.0
21 silly currentTree ├─┬ reconnect@0.1.5
21 silly currentTree │ └─┬ shoe@0.0.15
21 silly currentTree │   └── sockjs-client@0.0.0-unreleasable
21 silly currentTree ├── regex-cache@0.4.3
21 silly currentTree ├── repeat-element@1.1.2
21 silly currentTree ├── repeat-string@1.6.1
21 silly currentTree ├─┬ request@2.76.0
21 silly currentTree │ ├── node-uuid@1.4.7
21 silly currentTree │ └── qs@6.3.0
21 silly currentTree ├── requires-port@1.0.0
21 silly currentTree ├── resolve@1.1.7
21 silly currentTree ├── right-align@0.1.3
21 silly currentTree ├── rimraf@2.5.4
21 silly currentTree ├── ripemd160@1.0.1
21 silly currentTree ├── rx@2.3.24
21 silly currentTree ├── saucelabs@1.3.0
21 silly currentTree ├── sax@0.6.1
21 silly currentTree ├─┬ selenium-webdriver@2.53.3
21 silly currentTree │ └── adm-zip@0.4.4
21 silly currentTree ├── semver@4.3.6
21 silly currentTree ├── send@0.14.1
21 silly currentTree ├── serve-static@1.11.1
21 silly currentTree ├── set-immediate-shim@1.0.1
21 silly currentTree ├── setprototypeof@1.0.1
21 silly currentTree ├── sha.js@2.4.5
21 silly currentTree ├── shasum@1.0.2
21 silly currentTree ├── shell-quote@1.6.1
21 silly currentTree ├── shoe@0.0.5
21 silly currentTree ├── sntp@1.0.9
21 silly currentTree ├─┬ socket.io-adapter@0.4.0
21 silly currentTree │ ├── isarray@0.0.1
21 silly currentTree │ └─┬ socket.io-parser@2.2.2
21 silly currentTree │   └── debug@0.7.4
21 silly currentTree ├─┬ socket.io-client@1.5.1
21 silly currentTree │ └── component-emitter@1.2.0
21 silly currentTree ├─┬ socket.io-parser@2.3.1
21 silly currentTree │ ├── isarray@0.0.1
21 silly currentTree │ └── json3@3.3.2
21 silly currentTree ├── socket.io@1.5.1
21 silly currentTree ├── sockjs-client@0.0.0-unreleasable
21 silly currentTree ├─┬ sockjs-windows@0.3.1
21 silly currentTree │ └── faye-websocket@0.4.0
21 silly currentTree ├── sockjs@0.3.7
21 silly currentTree ├── source-map-support@0.4.5
21 silly currentTree ├── source-map@0.5.6
21 silly currentTree ├── spawn-default-shell@1.1.0
21 silly currentTree ├─┬ sshpk@1.10.1
21 silly currentTree │ └── assert-plus@1.0.0
21 silly currentTree ├── statuses@1.3.0
21 silly currentTree ├── stream-browserify@2.0.1
21 silly currentTree ├── stream-combiner2@1.1.1
21 silly currentTree ├── stream-http@2.4.1
21 silly currentTree ├── stream-splicer@2.0.0
21 silly currentTree ├── string_decoder@0.10.31
21 silly currentTree ├── stringstream@0.0.5
21 silly currentTree ├── strip-ansi@3.0.1
21 silly currentTree ├─┬ stylus@0.54.5
21 silly currentTree │ ├── css-parse@1.7.0
21 silly currentTree │ ├── glob@7.0.6
21 silly currentTree │ ├── sax@0.5.8
21 silly currentTree │ └── source-map@0.1.43
21 silly currentTree ├── subarg@1.0.0
21 silly currentTree ├── supports-color@2.0.0
21 silly currentTree ├─┬ syntax-error@1.1.6
21 silly currentTree │ └── acorn@2.7.0
21 silly currentTree ├── through@2.3.8
21 silly currentTree ├─┬ through2@2.0.1
21 silly currentTree │ └── readable-stream@2.0.6
21 silly currentTree ├── timers-browserify@1.4.2
21 silly currentTree ├── tmp@0.0.24
21 silly currentTree ├── to-array@0.1.4
21 silly currentTree ├── to-arraybuffer@1.0.1
21 silly currentTree ├── to-utf8@0.0.1
21 silly currentTree ├── tough-cookie@2.3.2
21 silly currentTree ├─┬ transformers@2.1.0
21 silly currentTree │ ├── is-promise@1.0.1
21 silly currentTree │ ├── promise@2.0.0
21 silly currentTree │ ├── source-map@0.1.43
21 silly currentTree │ └── uglify-js@2.2.5
21 silly currentTree ├── tree-kill@1.1.0
21 silly currentTree ├── tty-browserify@0.0.0
21 silly currentTree ├── tunnel-agent@0.4.3
21 silly currentTree ├── tweetnacl@0.14.3
21 silly currentTree ├── type-is@1.6.13
21 silly currentTree ├── typedarray@0.0.6
21 silly currentTree ├─┬ uglify-js@2.7.4
21 silly currentTree │ └── async@0.2.10
21 silly currentTree ├── uglify-to-browserify@1.0.2
21 silly currentTree ├── ultron@1.0.2
21 silly currentTree ├── umd@3.0.1
21 silly currentTree ├─┬ union@0.4.6
21 silly currentTree │ └── qs@2.3.3
21 silly currentTree ├── unpipe@1.0.0
21 silly currentTree ├── url-join@1.1.0
21 silly currentTree ├─┬ url@0.11.0
21 silly currentTree │ └── punycode@1.3.2
21 silly currentTree ├── useragent@2.1.9
21 silly currentTree ├── util-deprecate@1.0.2
21 silly currentTree ├── util@0.10.3
21 silly currentTree ├── utils-merge@1.0.0
21 silly currentTree ├── vary@1.1.0
21 silly currentTree ├── verror@1.3.6
21 silly currentTree ├── vm-browserify@0.0.4
21 silly currentTree ├── void-elements@2.0.1
21 silly currentTree ├── watch@1.0.1
21 silly currentTree ├── watchr@2.1.6
21 silly currentTree ├── which@1.2.11
21 silly currentTree ├── window-size@0.1.0
21 silly currentTree ├── with@4.0.3
21 silly currentTree ├── wordwrap@0.0.3
21 silly currentTree ├── wrappy@1.0.2
21 silly currentTree ├── ws@1.1.1
21 silly currentTree ├── wtf-8@1.0.0
21 silly currentTree ├── xml2js@0.4.4
21 silly currentTree ├── xmlbuilder@3.1.0
21 silly currentTree ├── xmlhttprequest-ssl@1.5.1
21 silly currentTree ├── xtend@4.0.1
21 silly currentTree ├── yallist@2.0.0
21 silly currentTree ├── yargs@3.10.0
21 silly currentTree └── yeast@0.1.2
22 silly idealTree rweb@1.0.0
22 silly idealTree ├── @types/jasmine@2.5.36
22 silly idealTree ├── @types/node@6.0.46
22 silly idealTree ├── @types/q@0.0.32
22 silly idealTree ├── @types/selenium-webdriver@2.53.33
22 silly idealTree ├── accepts@1.3.3
22 silly idealTree ├─┬ acorn-globals@1.0.9
22 silly idealTree │ └── acorn@2.7.0
22 silly idealTree ├── acorn@1.2.2
22 silly idealTree ├── adm-zip@0.4.7
22 silly idealTree ├── after@0.8.1
22 silly idealTree ├─┬ agent-base@2.0.1
22 silly idealTree │ └── semver@5.0.3
22 silly idealTree ├── align-text@0.1.4
22 silly idealTree ├── amdefine@1.0.0
22 silly idealTree ├── ansi-regex@2.0.0
22 silly idealTree ├── ansi-styles@2.2.1
22 silly idealTree ├── anymatch@1.3.0
22 silly idealTree ├── arr-diff@2.0.0
22 silly idealTree ├── arr-flatten@1.0.1
22 silly idealTree ├── array-filter@0.0.1
22 silly idealTree ├── array-flatten@1.1.1
22 silly idealTree ├── array-map@0.0.0
22 silly idealTree ├── array-reduce@0.0.0
22 silly idealTree ├── array-slice@0.2.3
22 silly idealTree ├── array-union@1.0.2
22 silly idealTree ├── array-uniq@1.0.3
22 silly idealTree ├── array-unique@0.2.1
22 silly idealTree ├── arraybuffer.slice@0.0.6
22 silly idealTree ├── arrify@1.0.1
22 silly idealTree ├── asap@1.0.0
22 silly idealTree ├── asn1.js@4.8.1
22 silly idealTree ├── asn1@0.2.3
22 silly idealTree ├── assert-plus@0.2.0
22 silly idealTree ├── assert@1.3.0
22 silly idealTree ├── astw@2.0.0
22 silly idealTree ├── async-each@1.0.1
22 silly idealTree ├── async@0.9.0
22 silly idealTree ├── asynckit@0.4.0
22 silly idealTree ├── aws-sign2@0.6.0
22 silly idealTree ├── aws4@1.5.0
22 silly idealTree ├── backo2@1.0.2
22 silly idealTree ├── backoff@1.0.0
22 silly idealTree ├── bal-util@1.13.13
22 silly idealTree ├── balanced-match@0.4.2
22 silly idealTree ├── base64-arraybuffer@0.1.5
22 silly idealTree ├── base64-js@1.2.0
22 silly idealTree ├── Base64@0.1.4
22 silly idealTree ├── base64id@0.1.0
22 silly idealTree ├── batch@0.5.3
22 silly idealTree ├── bcrypt-pbkdf@1.0.0
22 silly idealTree ├── benchmark@1.0.0
22 silly idealTree ├── better-assert@1.0.2
22 silly idealTree ├── binary-extensions@1.7.0
22 silly idealTree ├── blob@0.0.4
22 silly idealTree ├── bluebird@2.11.0
22 silly idealTree ├── bn.js@4.11.6
22 silly idealTree ├── body-parser@1.15.2
22 silly idealTree ├── boom@2.10.1
22 silly idealTree ├─┬ bops@0.0.6
22 silly idealTree │ └── base64-js@0.0.2
22 silly idealTree ├── bower@1.7.9
22 silly idealTree ├── brace-expansion@1.1.6
22 silly idealTree ├── braces@1.8.5
22 silly idealTree ├── brorand@1.0.6
22 silly idealTree ├── browser-pack@6.0.1
22 silly idealTree ├── browser-resolve@1.11.2
22 silly idealTree ├── browserify-aes@1.0.6
22 silly idealTree ├── browserify-cipher@1.0.0
22 silly idealTree ├── browserify-des@1.0.0
22 silly idealTree ├── browserify-rsa@4.0.1
22 silly idealTree ├─┬ browserify-server@2.0.4
22 silly idealTree │ ├── browserify@1.16.8
22 silly idealTree │ ├── crypto-browserify@0.4.0
22 silly idealTree │ ├── detective@0.2.1
22 silly idealTree │ ├── resolve@0.2.8
22 silly idealTree │ └── syntax-error@0.0.1
22 silly idealTree ├── browserify-sign@4.0.0
22 silly idealTree ├── browserify-zlib@0.1.4
22 silly idealTree ├─┬ browserify@13.1.1
22 silly idealTree │ └── glob@5.0.15
22 silly idealTree ├─┬ buffer-browserify@0.0.5
22 silly idealTree │ └── base64-js@0.0.2
22 silly idealTree ├── buffer-shims@1.0.0
22 silly idealTree ├── buffer-xor@1.0.3
22 silly idealTree ├── buffer@4.9.1
22 silly idealTree ├── builtin-status-codes@2.0.0
22 silly idealTree ├── bytes@2.4.0
22 silly idealTree ├── cached-path-relative@1.0.0
22 silly idealTree ├── callsite@1.0.0
22 silly idealTree ├── camelcase@1.2.1
22 silly idealTree ├── caseless@0.11.0
22 silly idealTree ├── center-align@0.1.3
22 silly idealTree ├── chalk@1.1.3
22 silly idealTree ├── character-parser@1.2.1
22 silly idealTree ├── chokidar@1.6.1
22 silly idealTree ├── cipher-base@1.0.3
22 silly idealTree ├─┬ clean-css@3.4.20
22 silly idealTree │ ├── commander@2.8.1
22 silly idealTree │ └── source-map@0.4.4
22 silly idealTree ├─┬ cliui@2.1.0
22 silly idealTree │ └── wordwrap@0.0.2
22 silly idealTree ├── coffee-script@1.11.1
22 silly idealTree ├── colors@1.0.3
22 silly idealTree ├── combine-source-map@0.7.2
22 silly idealTree ├── combined-stream@1.0.5
22 silly idealTree ├── commander@2.9.0
22 silly idealTree ├── commondir@0.0.2
22 silly idealTree ├── component-bind@1.0.0
22 silly idealTree ├── component-emitter@1.1.2
22 silly idealTree ├── component-inherit@0.0.3
22 silly idealTree ├── concat-map@0.0.1
22 silly idealTree ├─┬ concat-stream@1.5.2
22 silly idealTree │ └── readable-stream@2.0.6
22 silly idealTree ├─┬ concurrently@3.1.0
22 silly idealTree │ ├── ansi-regex@0.2.1
22 silly idealTree │ ├── ansi-styles@1.1.0
22 silly idealTree │ ├── bluebird@2.9.6
22 silly idealTree │ ├── chalk@0.5.1
22 silly idealTree │ ├── commander@2.6.0
22 silly idealTree │ ├── has-ansi@0.1.0
22 silly idealTree │ ├── lodash@4.16.6
22 silly idealTree │ ├── strip-ansi@0.3.0
22 silly idealTree │ └── supports-color@0.2.0
22 silly idealTree ├── connect@3.5.0
22 silly idealTree ├── console-browserify@1.1.0
22 silly idealTree ├─┬ constantinople@3.0.2
22 silly idealTree │ └── acorn@2.7.0
22 silly idealTree ├── constants-browserify@1.0.0
22 silly idealTree ├── content-disposition@0.5.1
22 silly idealTree ├── content-type@1.0.2
22 silly idealTree ├── convert-source-map@1.1.3
22 silly idealTree ├── cookie-signature@1.0.6
22 silly idealTree ├── cookie@0.3.1
22 silly idealTree ├── copy-dir@0.3.0
22 silly idealTree ├── copyfiles@1.0.0
22 silly idealTree ├── core-js@2.4.1
22 silly idealTree ├── core-util-is@1.0.2
22 silly idealTree ├── corser@2.0.1
22 silly idealTree ├── create-ecdh@4.0.0
22 silly idealTree ├── create-hash@1.1.2
22 silly idealTree ├── create-hmac@1.1.4
22 silly idealTree ├─┬ cross-spawn@4.0.2
22 silly idealTree │ └── lru-cache@4.0.1
22 silly idealTree ├── cryptiles@2.0.5
22 silly idealTree ├── crypto-browserify@3.11.0
22 silly idealTree ├── css-parse@1.0.4
22 silly idealTree ├── css-stringify@1.0.5
22 silly idealTree ├── css@1.0.8
22 silly idealTree ├── custom-event@1.0.1
22 silly idealTree ├─┬ dashdash@1.14.0
22 silly idealTree │ └── assert-plus@1.0.0
22 silly idealTree ├── date-now@0.1.4
22 silly idealTree ├── debug@2.2.0
22 silly idealTree ├── decamelize@1.2.0
22 silly idealTree ├── defined@1.0.0
22 silly idealTree ├── del@2.2.2
22 silly idealTree ├── delayed-stream@1.0.0
22 silly idealTree ├── depd@1.1.0
22 silly idealTree ├── deps-sort@2.0.0
22 silly idealTree ├─┬ deputy@0.0.4
22 silly idealTree │ ├── detective@0.2.1
22 silly idealTree │ └── mkdirp@0.3.5
22 silly idealTree ├── des.js@1.0.0
22 silly idealTree ├── destroy@1.0.4
22 silly idealTree ├─┬ detective@4.3.2
22 silly idealTree │ └── acorn@3.3.0
22 silly idealTree ├── di@0.0.1
22 silly idealTree ├── diffie-hellman@5.0.2
22 silly idealTree ├─┬ dom-serialize@2.2.1
22 silly idealTree │ └── ent@2.2.0
22 silly idealTree ├── domain-browser@1.1.7
22 silly idealTree ├── duplexer2@0.1.4
22 silly idealTree ├── ecc-jsbn@0.1.1
22 silly idealTree ├─┬ ecstatic@0.1.7
22 silly idealTree │ └── mime@1.2.5
22 silly idealTree ├── ee-first@1.1.1
22 silly idealTree ├── elliptic@6.3.2
22 silly idealTree ├── encodeurl@1.0.1
22 silly idealTree ├── engine.io-client@1.7.2
22 silly idealTree ├─┬ engine.io-parser@1.3.1
22 silly idealTree │ ├── has-binary@0.1.6
22 silly idealTree │ └── isarray@0.0.1
22 silly idealTree ├── engine.io@1.7.2
22 silly idealTree ├── ent@0.0.7
22 silly idealTree ├── escape-html@1.0.3
22 silly idealTree ├── escape-string-regexp@1.0.5
22 silly idealTree ├── esprima@0.9.9
22 silly idealTree ├─┬ este-watch@0.1.1
22 silly idealTree │ ├── glob@4.5.3
22 silly idealTree │ └── minimatch@2.0.10
22 silly idealTree ├── etag@1.7.0
22 silly idealTree ├── eventemitter3@1.2.0
22 silly idealTree ├── events@1.1.1
22 silly idealTree ├── evp_bytestokey@1.0.0
22 silly idealTree ├── exec-sh@0.2.0
22 silly idealTree ├── exit@0.1.2
22 silly idealTree ├─┬ expand-braces@0.1.2
22 silly idealTree │ ├── braces@0.1.5
22 silly idealTree │ ├── expand-range@0.1.1
22 silly idealTree │ ├── is-number@0.1.1
22 silly idealTree │ └── repeat-string@0.2.2
22 silly idealTree ├── expand-brackets@0.1.5
22 silly idealTree ├── expand-range@1.8.2
22 silly idealTree ├── express@4.14.0
22 silly idealTree ├── extend@3.0.0
22 silly idealTree ├── extglob@0.3.2
22 silly idealTree ├── extsprintf@1.0.2
22 silly idealTree ├── faye-websocket@0.4.4
22 silly idealTree ├── filed@0.0.7
22 silly idealTree ├── filename-regex@2.0.0
22 silly idealTree ├── fill-range@2.2.3
22 silly idealTree ├── finalhandler@0.5.0
22 silly idealTree ├── for-in@0.1.6
22 silly idealTree ├── for-own@0.1.4
22 silly idealTree ├── forever-agent@0.6.1
22 silly idealTree ├─┬ form-data@2.1.1
22 silly idealTree │ ├── mime-db@1.24.0
22 silly idealTree │ └── mime-types@2.1.12
22 silly idealTree ├── forwarded@0.1.0
22 silly idealTree ├── fresh@0.3.0
22 silly idealTree ├── fs-access@1.0.1
22 silly idealTree ├── fs.realpath@1.0.0
22 silly idealTree ├─┬ fsevents@1.0.14
22 silly idealTree │ ├── abbrev@1.0.9
22 silly idealTree │ ├── ansi-regex@2.0.0
22 silly idealTree │ ├── ansi-styles@2.2.1
22 silly idealTree │ ├── aproba@1.0.4
22 silly idealTree │ ├── are-we-there-yet@1.1.2
22 silly idealTree │ ├── asn1@0.2.3
22 silly idealTree │ ├── assert-plus@0.2.0
22 silly idealTree │ ├── async@1.5.2
22 silly idealTree │ ├── aws-sign2@0.6.0
22 silly idealTree │ ├── aws4@1.4.1
22 silly idealTree │ ├── balanced-match@0.4.2
22 silly idealTree │ ├─┬ bl@1.1.2
22 silly idealTree │ │ └── readable-stream@2.0.6
22 silly idealTree │ ├── block-stream@0.0.9
22 silly idealTree │ ├── boom@2.10.1
22 silly idealTree │ ├── brace-expansion@1.1.5
22 silly idealTree │ ├── buffer-shims@1.0.0
22 silly idealTree │ ├── caseless@0.11.0
22 silly idealTree │ ├── chalk@1.1.3
22 silly idealTree │ ├── code-point-at@1.0.0
22 silly idealTree │ ├── combined-stream@1.0.5
22 silly idealTree │ ├── commander@2.9.0
22 silly idealTree │ ├── concat-map@0.0.1
22 silly idealTree │ ├── console-control-strings@1.1.0
22 silly idealTree │ ├── core-util-is@1.0.2
22 silly idealTree │ ├── cryptiles@2.0.5
22 silly idealTree │ ├─┬ dashdash@1.14.0
22 silly idealTree │ │ └── assert-plus@1.0.0
22 silly idealTree │ ├── debug@2.2.0
22 silly idealTree │ ├── deep-extend@0.4.1
22 silly idealTree │ ├── delayed-stream@1.0.0
22 silly idealTree │ ├── delegates@1.0.0
22 silly idealTree │ ├── ecc-jsbn@0.1.1
22 silly idealTree │ ├── escape-string-regexp@1.0.5
22 silly idealTree │ ├── extend@3.0.0
22 silly idealTree │ ├── extsprintf@1.0.2
22 silly idealTree │ ├── forever-agent@0.6.1
22 silly idealTree │ ├── form-data@1.0.0-rc4
22 silly idealTree │ ├── fs.realpath@1.0.0
22 silly idealTree │ ├── fstream-ignore@1.0.5
22 silly idealTree │ ├── fstream@1.0.10
22 silly idealTree │ ├── gauge@2.6.0
22 silly idealTree │ ├── generate-function@2.0.0
22 silly idealTree │ ├── generate-object-property@1.2.0
22 silly idealTree │ ├─┬ getpass@0.1.6
22 silly idealTree │ │ └── assert-plus@1.0.0
22 silly idealTree │ ├── glob@7.0.5
22 silly idealTree │ ├── graceful-fs@4.1.4
22 silly idealTree │ ├── graceful-readlink@1.0.1
22 silly idealTree │ ├── har-validator@2.0.6
22 silly idealTree │ ├── has-ansi@2.0.0
22 silly idealTree │ ├── has-color@0.1.7
22 silly idealTree │ ├── has-unicode@2.0.1
22 silly idealTree │ ├── hawk@3.1.3
22 silly idealTree │ ├── hoek@2.16.3
22 silly idealTree │ ├── http-signature@1.1.1
22 silly idealTree │ ├── inflight@1.0.5
22 silly idealTree │ ├── inherits@2.0.1
22 silly idealTree │ ├── ini@1.3.4
22 silly idealTree │ ├── is-fullwidth-code-point@1.0.0
22 silly idealTree │ ├── is-my-json-valid@2.13.1
22 silly idealTree │ ├── is-property@1.0.2
22 silly idealTree │ ├── is-typedarray@1.0.0
22 silly idealTree │ ├── isarray@1.0.0
22 silly idealTree │ ├── isstream@0.1.2
22 silly idealTree │ ├── jodid25519@1.0.2
22 silly idealTree │ ├── jsbn@0.1.0
22 silly idealTree │ ├── json-schema@0.2.2
22 silly idealTree │ ├── json-stringify-safe@5.0.1
22 silly idealTree │ ├── jsonpointer@2.0.0
22 silly idealTree │ ├── jsprim@1.3.0
22 silly idealTree │ ├── mime-db@1.23.0
22 silly idealTree │ ├── mime-types@2.1.11
22 silly idealTree │ ├── minimatch@3.0.2
22 silly idealTree │ ├── minimist@0.0.8
22 silly idealTree │ ├── mkdirp@0.5.1
22 silly idealTree │ ├── ms@0.7.1
22 silly idealTree │ ├── node-pre-gyp@0.6.29
22 silly idealTree │ ├── node-uuid@1.4.7
22 silly idealTree │ ├── nopt@3.0.6
22 silly idealTree │ ├── npmlog@3.1.2
22 silly idealTree │ ├── number-is-nan@1.0.0
22 silly idealTree │ ├── oauth-sign@0.8.2
22 silly idealTree │ ├── object-assign@4.1.0
22 silly idealTree │ ├── once@1.3.3
22 silly idealTree │ ├── path-is-absolute@1.0.0
22 silly idealTree │ ├── pinkie-promise@2.0.1
22 silly idealTree │ ├── pinkie@2.0.4
22 silly idealTree │ ├── process-nextick-args@1.0.7
22 silly idealTree │ ├── qs@6.2.0
22 silly idealTree │ ├─┬ rc@1.1.6
22 silly idealTree │ │ └── minimist@1.2.0
22 silly idealTree │ ├── readable-stream@2.1.4
22 silly idealTree │ ├── request@2.73.0
22 silly idealTree │ ├── rimraf@2.5.3
22 silly idealTree │ ├── semver@5.2.0
22 silly idealTree │ ├── set-blocking@2.0.0
22 silly idealTree │ ├── signal-exit@3.0.0
22 silly idealTree │ ├── sntp@1.0.9
22 silly idealTree │ ├─┬ sshpk@1.8.3
22 silly idealTree │ │ └── assert-plus@1.0.0
22 silly idealTree │ ├── string_decoder@0.10.31
22 silly idealTree │ ├── string-width@1.0.1
22 silly idealTree │ ├── stringstream@0.0.5
22 silly idealTree │ ├── strip-ansi@3.0.1
22 silly idealTree │ ├── strip-json-comments@1.0.4
22 silly idealTree │ ├── supports-color@2.0.0
22 silly idealTree │ ├── tar-pack@3.1.4
22 silly idealTree │ ├── tar@2.2.1
22 silly idealTree │ ├── tough-cookie@2.2.2
22 silly idealTree │ ├── tunnel-agent@0.4.3
22 silly idealTree │ ├── tweetnacl@0.13.3
22 silly idealTree │ ├── uid-number@0.0.6
22 silly idealTree │ ├── util-deprecate@1.0.2
22 silly idealTree │ ├── verror@1.3.6
22 silly idealTree │ ├── wide-align@1.1.0
22 silly idealTree │ ├── wrappy@1.0.2
22 silly idealTree │ └── xtend@4.0.1
22 silly idealTree ├── function-bind@1.1.0
22 silly idealTree ├── generate-function@2.0.0
22 silly idealTree ├── generate-object-property@1.2.0
22 silly idealTree ├─┬ getpass@0.1.6
22 silly idealTree │ └── assert-plus@1.0.0
22 silly idealTree ├── glob-base@0.3.0
22 silly idealTree ├── glob-parent@2.0.0
22 silly idealTree ├── glob@7.1.1
22 silly idealTree ├── globby@5.0.0
22 silly idealTree ├── graceful-fs@4.1.9
22 silly idealTree ├── graceful-readlink@1.0.1
22 silly idealTree ├── h@0.1.0
22 silly idealTree ├── har-validator@2.0.6
22 silly idealTree ├── has-ansi@2.0.0
22 silly idealTree ├─┬ has-binary@0.1.7
22 silly idealTree │ └── isarray@0.0.1
22 silly idealTree ├── has-cors@1.1.0
22 silly idealTree ├── has@1.0.1
22 silly idealTree ├── hash.js@1.0.3
22 silly idealTree ├── hawk@3.1.3
22 silly idealTree ├── he@0.5.0
22 silly idealTree ├── hoek@2.16.3
22 silly idealTree ├── hound@1.0.4
22 silly idealTree ├── htmlescape@1.1.1
22 silly idealTree ├─┬ http-browserify@0.1.14
22 silly idealTree │ └── concat-stream@1.0.1
22 silly idealTree ├── http-errors@1.5.0
22 silly idealTree ├── http-proxy@1.15.2
22 silly idealTree ├─┬ http-server@0.9.0
22 silly idealTree │ ├── ecstatic@1.4.1
22 silly idealTree │ └─┬ optimist@0.6.1
22 silly idealTree │   └── minimist@0.0.10
22 silly idealTree ├── http-signature@1.1.1
22 silly idealTree ├── https-browserify@0.0.1
22 silly idealTree ├── https-proxy-agent@1.0.0
22 silly idealTree ├── iconv-lite@0.4.13
22 silly idealTree ├── ieee754@1.1.8
22 silly idealTree ├── indexof@0.0.1
22 silly idealTree ├── inflight@1.0.6
22 silly idealTree ├── inherits@2.0.1
22 silly idealTree ├── ini@1.3.4
22 silly idealTree ├── inline-source-map@0.6.2
22 silly idealTree ├── insert-module-globals@7.0.1
22 silly idealTree ├── ipaddr.js@1.1.1
22 silly idealTree ├── is-binary-path@1.0.1
22 silly idealTree ├── is-buffer@1.1.4
22 silly idealTree ├── is-dotfile@1.0.2
22 silly idealTree ├── is-equal-shallow@0.1.3
22 silly idealTree ├── is-extendable@0.1.1
22 silly idealTree ├── is-extglob@1.0.0
22 silly idealTree ├── is-glob@2.0.1
22 silly idealTree ├── is-my-json-valid@2.15.0
22 silly idealTree ├── is-number@2.1.0
22 silly idealTree ├── is-path-cwd@1.0.0
22 silly idealTree ├── is-path-in-cwd@1.0.0
22 silly idealTree ├── is-path-inside@1.0.0
22 silly idealTree ├── is-posix-bracket@0.1.1
22 silly idealTree ├── is-primitive@2.0.0
22 silly idealTree ├── is-promise@2.1.0
22 silly idealTree ├── is-property@1.0.2
22 silly idealTree ├── is-typedarray@1.0.0
22 silly idealTree ├── isarray@1.0.0
22 silly idealTree ├── isbinaryfile@3.0.1
22 silly idealTree ├── isexe@1.1.2
22 silly idealTree ├── isobject@2.1.0
22 silly idealTree ├── isstream@0.1.2
22 silly idealTree ├─┬ jade@1.11.0
22 silly idealTree │ └── commander@2.6.0
22 silly idealTree ├── jasmine-core@2.5.2
22 silly idealTree ├── jasmine@2.5.2
22 silly idealTree ├── jasminewd2@0.0.10
22 silly idealTree ├── jodid25519@1.0.2
22 silly idealTree ├── jsbn@0.1.0
22 silly idealTree ├── json-schema@0.2.3
22 silly idealTree ├── json-stable-stringify@0.0.1
22 silly idealTree ├── json-stringify-safe@5.0.1
22 silly idealTree ├── json3@3.2.6
22 silly idealTree ├── jsonify@0.0.0
22 silly idealTree ├── jsonparse@1.2.0
22 silly idealTree ├── jsonpointer@4.0.0
22 silly idealTree ├── JSONStream@1.2.1
22 silly idealTree ├── jsprim@1.3.1
22 silly idealTree ├── jstransformer@0.0.2
22 silly idealTree ├── karma-chrome-launcher@0.2.3
22 silly idealTree ├── karma-firefox-launcher@0.1.7
22 silly idealTree ├── karma-jasmine@0.3.8
22 silly idealTree ├── karma-junit-reporter@0.4.2
22 silly idealTree ├─┬ karma@0.13.22
22 silly idealTree │ ├── colors@1.1.2
22 silly idealTree │ ├── minimist@0.0.10
22 silly idealTree │ └── optimist@0.6.1
22 silly idealTree ├── kind-of@3.0.4
22 silly idealTree ├─┬ labeled-stream-splicer@2.0.0
22 silly idealTree │ └── isarray@0.0.1
22 silly idealTree ├── lazy-cache@1.0.4
22 silly idealTree ├── lexical-scope@1.2.0
22 silly idealTree ├── live-reload@1.1.0
22 silly idealTree ├── lodash.memoize@3.0.4
22 silly idealTree ├── lodash@3.10.1
22 silly idealTree ├─┬ log4js@0.6.38
22 silly idealTree │ ├── isarray@0.0.1
22 silly idealTree │ └── readable-stream@1.0.34
22 silly idealTree ├── longest@1.0.1
22 silly idealTree ├── lru-cache@2.2.4
22 silly idealTree ├── ltcdr@2.2.1
22 silly idealTree ├── media-typer@0.3.0
22 silly idealTree ├── merge-descriptors@1.0.1
22 silly idealTree ├── merge@1.2.0
22 silly idealTree ├── methods@1.1.2
22 silly idealTree ├── micromatch@2.3.11
22 silly idealTree ├── miller-rabin@4.0.0
22 silly idealTree ├── mime-db@1.23.0
22 silly idealTree ├── mime-types@2.1.11
22 silly idealTree ├── mime@1.3.4
22 silly idealTree ├── minimalistic-assert@1.0.0
22 silly idealTree ├── minimatch@3.0.3
22 silly idealTree ├── minimist@1.2.0
22 silly idealTree ├── mkdir-p@0.0.7
22 silly idealTree ├─┬ mkdirp@0.5.1
22 silly idealTree │ └── minimist@0.0.8
22 silly idealTree ├── module-deps@4.0.8
22 silly idealTree ├── moment@2.15.2
22 silly idealTree ├── ms@0.7.1
22 silly idealTree ├── nan@2.4.0
22 silly idealTree ├── ncp@2.0.0
22 silly idealTree ├── negotiator@0.6.1
22 silly idealTree ├── node-uuid@1.3.3
22 silly idealTree ├─┬ noms@0.0.0
22 silly idealTree │ ├── isarray@0.0.1
22 silly idealTree │ └── readable-stream@1.0.34
22 silly idealTree ├── normalize-path@2.0.1
22 silly idealTree ├── nub@0.0.0
22 silly idealTree ├── null-check@1.0.0
22 silly idealTree ├── oauth-sign@0.8.2
22 silly idealTree ├── object-assign@4.1.0
22 silly idealTree ├── object-component@0.0.3
22 silly idealTree ├── object.omit@2.0.1
22 silly idealTree ├── on-finished@2.3.0
22 silly idealTree ├── once@1.4.0
22 silly idealTree ├── onchange@3.0.2
22 silly idealTree ├── opener@1.4.2
22 silly idealTree ├── optimist@0.3.7
22 silly idealTree ├── options@0.0.6
22 silly idealTree ├── os-browserify@0.1.2
22 silly idealTree ├── pako@0.2.9
22 silly idealTree ├── parallelshell@2.0.0
22 silly idealTree ├── parents@1.0.1
22 silly idealTree ├── parse-asn1@5.0.0
22 silly idealTree ├── parse-glob@3.0.4
22 silly idealTree ├── parsejson@0.0.1
22 silly idealTree ├── parseqs@0.0.2
22 silly idealTree ├── parseuri@0.0.4
22 silly idealTree ├── parseurl@1.3.1
22 silly idealTree ├── path-browserify@0.0.0
22 silly idealTree ├── path-is-absolute@1.0.1
22 silly idealTree ├── path-is-inside@1.0.2
22 silly idealTree ├── path-platform@0.11.15
22 silly idealTree ├── path-to-regexp@0.1.7
22 silly idealTree ├── pbkdf2@3.0.9
22 silly idealTree ├── pify@2.3.0
22 silly idealTree ├── pinkie-promise@2.0.1
22 silly idealTree ├── pinkie@2.0.4
22 silly idealTree ├─┬ portfinder@0.4.0
22 silly idealTree │ ├── minimist@0.0.8
22 silly idealTree │ └── mkdirp@0.5.1
22 silly idealTree ├── preserve@0.2.0
22 silly idealTree ├── process-nextick-args@1.0.7
22 silly idealTree ├── process@0.11.9
22 silly idealTree ├── promise@6.1.0
22 silly idealTree ├─┬ protractor@4.0.10
22 silly idealTree │ ├── minimist@0.0.10
22 silly idealTree │ ├── optimist@0.6.1
22 silly idealTree │ ├── semver@5.3.0
22 silly idealTree │ └─┬ webdriver-manager@10.2.6
22 silly idealTree │   └── minimist@1.2.0
22 silly idealTree ├── proxy-addr@1.1.2
22 silly idealTree ├── pseudomap@1.0.2
22 silly idealTree ├── public-encrypt@4.0.0
22 silly idealTree ├── punycode@1.4.1
22 silly idealTree ├── q@1.4.1
22 silly idealTree ├── qs@6.2.0
22 silly idealTree ├── querystring-es3@0.2.1
22 silly idealTree ├── querystring@0.2.0
22 silly idealTree ├── randomatic@1.1.5
22 silly idealTree ├── randombytes@2.0.3
22 silly idealTree ├── range-parser@1.2.0
22 silly idealTree ├── raw-body@2.1.7
22 silly idealTree ├── read-only-stream@2.0.0
22 silly idealTree ├── readable-stream@2.1.5
22 silly idealTree ├── readdirp@2.1.0
22 silly idealTree ├─┬ reconnect@0.1.5
22 silly idealTree │ └─┬ shoe@0.0.15
22 silly idealTree │   └── sockjs-client@0.0.0-unreleasable
22 silly idealTree ├── regex-cache@0.4.3
22 silly idealTree ├── repeat-element@1.1.2
22 silly idealTree ├── repeat-string@1.6.1
22 silly idealTree ├─┬ request@2.76.0
22 silly idealTree │ ├── node-uuid@1.4.7
22 silly idealTree │ └── qs@6.3.0
22 silly idealTree ├── requires-port@1.0.0
22 silly idealTree ├── resolve@1.1.7
22 silly idealTree ├── right-align@0.1.3
22 silly idealTree ├── rimraf@2.5.4
22 silly idealTree ├── ripemd160@1.0.1
22 silly idealTree ├── rx@2.3.24
22 silly idealTree ├── saucelabs@1.3.0
22 silly idealTree ├── sax@0.6.1
22 silly idealTree ├─┬ selenium-webdriver@2.53.3
22 silly idealTree │ └── adm-zip@0.4.4
22 silly idealTree ├── semver@4.3.6
22 silly idealTree ├── send@0.14.1
22 silly idealTree ├── serve-static@1.11.1
22 silly idealTree ├── set-immediate-shim@1.0.1
22 silly idealTree ├── setprototypeof@1.0.1
22 silly idealTree ├── sha.js@2.4.5
22 silly idealTree ├── shasum@1.0.2
22 silly idealTree ├── shell-quote@1.6.1
22 silly idealTree ├── shoe@0.0.5
22 silly idealTree ├── sntp@1.0.9
22 silly idealTree ├─┬ socket.io-adapter@0.4.0
22 silly idealTree │ ├── isarray@0.0.1
22 silly idealTree │ └─┬ socket.io-parser@2.2.2
22 silly idealTree │   └── debug@0.7.4
22 silly idealTree ├─┬ socket.io-client@1.5.1
22 silly idealTree │ └── component-emitter@1.2.0
22 silly idealTree ├─┬ socket.io-parser@2.3.1
22 silly idealTree │ ├── isarray@0.0.1
22 silly idealTree │ └── json3@3.3.2
22 silly idealTree ├── socket.io@1.5.1
22 silly idealTree ├── sockjs-client@0.0.0-unreleasable
22 silly idealTree ├─┬ sockjs-windows@0.3.1
22 silly idealTree │ └── faye-websocket@0.4.0
22 silly idealTree ├── sockjs@0.3.7
22 silly idealTree ├── source-map-support@0.4.5
22 silly idealTree ├── source-map@0.5.6
22 silly idealTree ├── spawn-default-shell@1.1.0
22 silly idealTree ├─┬ sshpk@1.10.1
22 silly idealTree │ └── assert-plus@1.0.0
22 silly idealTree ├── statuses@1.3.0
22 silly idealTree ├── stream-browserify@2.0.1
22 silly idealTree ├── stream-combiner2@1.1.1
22 silly idealTree ├── stream-http@2.4.1
22 silly idealTree ├── stream-splicer@2.0.0
22 silly idealTree ├── string_decoder@0.10.31
22 silly idealTree ├── stringstream@0.0.5
22 silly idealTree ├── strip-ansi@3.0.1
22 silly idealTree ├─┬ stylus@0.54.5
22 silly idealTree │ ├── css-parse@1.7.0
22 silly idealTree │ ├── glob@7.0.6
22 silly idealTree │ ├── sax@0.5.8
22 silly idealTree │ └── source-map@0.1.43
22 silly idealTree ├── subarg@1.0.0
22 silly idealTree ├── supports-color@2.0.0
22 silly idealTree ├─┬ syntax-error@1.1.6
22 silly idealTree │ └── acorn@2.7.0
22 silly idealTree ├── through@2.3.8
22 silly idealTree ├─┬ through2@2.0.1
22 silly idealTree │ └── readable-stream@2.0.6
22 silly idealTree ├── timers-browserify@1.4.2
22 silly idealTree ├── tmp@0.0.24
22 silly idealTree ├── to-array@0.1.4
22 silly idealTree ├── to-arraybuffer@1.0.1
22 silly idealTree ├── to-utf8@0.0.1
22 silly idealTree ├── tough-cookie@2.3.2
22 silly idealTree ├─┬ transformers@2.1.0
22 silly idealTree │ ├── is-promise@1.0.1
22 silly idealTree │ ├── promise@2.0.0
22 silly idealTree │ ├── source-map@0.1.43
22 silly idealTree │ └── uglify-js@2.2.5
22 silly idealTree ├── tree-kill@1.1.0
22 silly idealTree ├── tty-browserify@0.0.0
22 silly idealTree ├── tunnel-agent@0.4.3
22 silly idealTree ├── tweetnacl@0.14.3
22 silly idealTree ├── type-is@1.6.13
22 silly idealTree ├── typedarray@0.0.6
22 silly idealTree ├─┬ uglify-js@2.7.4
22 silly idealTree │ └── async@0.2.10
22 silly idealTree ├── uglify-to-browserify@1.0.2
22 silly idealTree ├── ultron@1.0.2
22 silly idealTree ├── umd@3.0.1
22 silly idealTree ├─┬ union@0.4.6
22 silly idealTree │ └── qs@2.3.3
22 silly idealTree ├── unpipe@1.0.0
22 silly idealTree ├── url-join@1.1.0
22 silly idealTree ├─┬ url@0.11.0
22 silly idealTree │ └── punycode@1.3.2
22 silly idealTree ├── useragent@2.1.9
22 silly idealTree ├── util-deprecate@1.0.2
22 silly idealTree ├── util@0.10.3
22 silly idealTree ├── utils-merge@1.0.0
22 silly idealTree ├── vary@1.1.0
22 silly idealTree ├── verror@1.3.6
22 silly idealTree ├── vm-browserify@0.0.4
22 silly idealTree ├── void-elements@2.0.1
22 silly idealTree ├── watch@1.0.1
22 silly idealTree ├── watchr@2.1.6
22 silly idealTree ├── which@1.2.11
22 silly idealTree ├── window-size@0.1.0
22 silly idealTree ├── with@4.0.3
22 silly idealTree ├── wordwrap@0.0.3
22 silly idealTree ├── wrappy@1.0.2
22 silly idealTree ├── ws@1.1.1
22 silly idealTree ├── wtf-8@1.0.0
22 silly idealTree ├── xml2js@0.4.4
22 silly idealTree ├── xmlbuilder@3.1.0
22 silly idealTree ├── xmlhttprequest-ssl@1.5.1
22 silly idealTree ├── xtend@4.0.1
22 silly idealTree ├── yallist@2.0.0
22 silly idealTree ├── yargs@3.10.0
22 silly idealTree └── yeast@0.1.2
23 silly generateActionsToTake Starting
24 silly install generateActionsToTake
25 silly generateActionsToTake Finishing
26 silly diffTrees action count 0
27 silly decomposeActions action count 0
28 silly runTopLevelLifecycles Starting
29 silly install runPreinstallTopLevelLifecycles
30 silly preinstall rweb@1.0.0 /Users/Javier/dev/rocio/rweb/rweb-160a5dba
31 info lifecycle rweb@1.0.0~preinstall: rweb@1.0.0
32 silly lifecycle rweb@1.0.0~preinstall: no script for preinstall, continuing
33 silly executeActions Starting
34 silly install executeActions
35 silly doSerial global-install 0
36 silly doParallel fetch 0
37 verbose correctMkdir /Users/Javier/.npm/_locks correctMkdir not in flight; initializing
38 verbose lock using /Users/Javier/.npm/_locks/staging-38908e4cdb520c38.lock for /Users/Javier/dev/rocio/rweb/node_modules/.staging
39 silly doParallel extract 0
40 silly doParallel preinstall 0
41 silly doReverseSerial remove 0
42 silly doSerial move 0
43 silly doSerial finalize 0
44 silly doSerial build 0
45 silly doSerial global-link 0
46 silly doParallel update-linked 0
47 silly doSerial install 0
48 silly doSerial postinstall 0
49 verbose unlock done using /Users/Javier/.npm/_locks/staging-38908e4cdb520c38.lock for /Users/Javier/dev/rocio/rweb/node_modules/.staging
50 silly executeActions Finishing
51 silly rollbackFailedOptional Starting
52 silly rollbackFailedOptional Finishing
53 silly install runPostinstallTopLevelLifecycles
54 silly build rweb@1.0.0
55 info linkStuff rweb@1.0.0
56 silly linkStuff rweb@1.0.0 has /Users/Javier/dev/rocio as its parent node_modules
57 verbose linkBins rweb@1.0.0
58 verbose linkMans rweb@1.0.0
59 silly install rweb@1.0.0 /Users/Javier/dev/rocio/rweb/rweb-160a5dba
60 info lifecycle rweb@1.0.0~install: rweb@1.0.0
61 silly lifecycle rweb@1.0.0~install: no script for install, continuing
62 silly postinstall rweb@1.0.0 /Users/Javier/dev/rocio/rweb/rweb-160a5dba
63 info lifecycle rweb@1.0.0~postinstall: rweb@1.0.0
64 verbose lifecycle rweb@1.0.0~postinstall: unsafe-perm in lifecycle true
65 verbose lifecycle rweb@1.0.0~postinstall: PATH: /usr/local/lib/node_modules/npm/bin/node-gyp-bin:/Users/Javier/dev/rocio/rweb/node_modules/.bin:/usr/local/bin:/usr/bin:/bin:/usr/sbin:/sbin
66 verbose lifecycle rweb@1.0.0~postinstall: CWD: /Users/Javier/dev/rocio/rweb
67 silly lifecycle rweb@1.0.0~postinstall: Args: [ '-c', 'clean:bower && bower install && npm run build' ]
68 info lifecycle rweb@1.0.0~postinstall: Failed to exec postinstall script
69 warn rweb@1.0.0 No repository field.
70 verbose If you need help, you may report this error at:
70 verbose     <https://github.com/npm/npm/issues>
71 warn rweb@1.0.0 No license field.
72 verbose If you need help, you may report this error at:
72 verbose     <https://github.com/npm/npm/issues>
73 verbose stack Error: rweb@1.0.0 postinstall: `clean:bower && bower install && npm run build`
73 verbose stack spawn ENOENT
73 verbose stack     at ChildProcess.<anonymous> (/usr/local/lib/node_modules/npm/lib/utils/spawn.js:33:16)
73 verbose stack     at emitTwo (events.js:106:13)
73 verbose stack     at ChildProcess.emit (events.js:191:7)
73 verbose stack     at maybeClose (internal/child_process.js:877:16)
73 verbose stack     at Process.ChildProcess._handle.onexit (internal/child_process.js:226:5)
74 verbose pkgid rweb@1.0.0
75 verbose cwd /Users/Javier/dev/rocio/rweb
76 error Darwin 14.5.0
77 error argv "/usr/local/bin/node" "/usr/local/bin/npm" "install"
78 error node v6.8.1
79 error npm  v3.10.8
80 error file sh
81 error code ELIFECYCLE
82 error errno ENOENT
83 error syscall spawn
84 error rweb@1.0.0 postinstall: `clean:bower && bower install && npm run build`
84 error spawn ENOENT
85 error Failed at the rweb@1.0.0 postinstall script 'clean:bower && bower install && npm run build'.
85 error Make sure you have the latest version of node.js and npm installed.
85 error If you do, this is most likely a problem with the rweb package,
85 error not with npm itself.
85 error Tell the author that this fails on your system:
85 error     clean:bower && bower install && npm run build
85 error You can get information on how to open an issue for this project with:
85 error     npm bugs rweb
85 error Or if that isn't available, you can get their info via:
85 error     npm owner ls rweb
85 error There is likely additional logging output above.
86 verbose exit [ 1, true ]
